0 info it worked if it ends with ok
1 verbose cli [ '/usr/bin/node', '/usr/bin/npm', 'run', 'build' ]
2 info using npm@6.11.3
3 info using node@v10.17.0
4 verbose run-script [ 'prebuild', 'build', 'postbuild' ]
5 info lifecycle texttospeech@0.1.0~prebuild: texttospeech@0.1.0
6 info lifecycle texttospeech@0.1.0~build: texttospeech@0.1.0
7 verbose lifecycle texttospeech@0.1.0~build: unsafe-perm in lifecycle true
8 verbose lifecycle texttospeech@0.1.0~build: PATH: /usr/lib/node_modules/npm/node_modules/npm-lifecycle/node-gyp-bin:/home/aaronmao/WebStorm/CEA-ToolSiteFrontend/texttospeech/node_modules/.bin:/home/aaronmao/.config/composer/vendor/bin:/home/aaronmao/.config/composer/vendor/bin:/usr/local/sbin:/usr/local/bin:/usr/sbin:/usr/bin:/sbin:/bin:/usr/games:/usr/local/games
9 verbose lifecycle texttospeech@0.1.0~build: CWD: /home/aaronmao/WebStorm/CEA-ToolSiteFrontend/texttospeech
10 silly lifecycle texttospeech@0.1.0~build: Args: [ '-c', 'react-scripts build' ]
11 silly lifecycle texttospeech@0.1.0~build: Returned: code: 1  signal: null
12 info lifecycle texttospeech@0.1.0~build: Failed to exec build script
13 verbose stack Error: texttospeech@0.1.0 build: `react-scripts build`
13 verbose stack Exit status 1
13 verbose stack     at EventEmitter.<anonymous> (/usr/lib/node_modules/npm/node_modules/npm-lifecycle/index.js:332:16)
13 verbose stack     at EventEmitter.emit (events.js:198:13)
13 verbose stack     at ChildProcess.<anonymous> (/usr/lib/node_modules/npm/node_modules/npm-lifecycle/lib/spawn.js:55:14)
13 verbose stack     at ChildProcess.emit (events.js:198:13)
13 verbose stack     at maybeClose (internal/child_process.js:982:16)
13 verbose stack     at Process.ChildProcess._handle.onexit (internal/child_process.js:259:5)
14 verbose pkgid texttospeech@0.1.0
15 verbose cwd /home/aaronmao/WebStorm/CEA-ToolSiteFrontend/texttospeech
16 verbose Linux 4.15.0-74-generic
17 verbose argv "/usr/bin/node" "/usr/bin/npm" "run" "build"
18 verbose node v10.17.0
19 verbose npm  v6.11.3
20 error code ELIFECYCLE
21 error errno 1
22 error texttospeech@0.1.0 build: `react-scripts build`
22 error Exit status 1
23 error Failed at the texttospeech@0.1.0 build script.
23 error This is probably not a problem with npm. There is likely additional logging output above.
24 verbose exit [ 1, true ]
